c:\users\mike\source\c-_adventure\text_based_game_project\text_bas.cace1812\x64\debug\vc143.pdb
c:\users\mike\source\c-_adventure\text_based_game_project\text_bas.cace1812\x64\debug\vc143.idb
c:\users\mike\source\c-_adventure\text_based_game_project\text_bas.cace1812\x64\debug\saveandloadcpp.obj
c:\users\mike\source\c-_adventure\text_based_game_project\text_bas.cace1812\x64\debug\player.obj
c:\users\mike\source\c-_adventure\text_based_game_project\text_bas.cace1812\x64\debug\managewin.obj
c:\users\mike\source\c-_adventure\text_based_game_project\text_bas.cace1812\x64\debug\main.obj
c:\users\mike\source\c-_adventure\text_based_game_project\text_bas.cace1812\x64\debug\tree 1.obj
c:\users\mike\source\c-_adventure\text_based_game_project\text_bas.cace1812\x64\debug\tree 2.obj
c:\users\padra\source\repos\c-_adventure\text_based_game_project\text_bas.cace1812\x64\debug\vc143.pdb
c:\users\padra\source\repos\c-_adventure\text_based_game_project\text_bas.cace1812\x64\debug\vc143.idb
c:\users\padra\source\repos\c-_adventure\text_based_game_project\text_bas.cace1812\x64\debug\tree 2.obj
c:\users\padra\source\repos\c-_adventure\text_based_game_project\text_bas.cace1812\x64\debug\player.obj
c:\users\padra\source\repos\c-_adventure\text_based_game_project\text_bas.cace1812\x64\debug\managewin.obj
c:\users\padra\source\repos\c-_adventure\text_based_game_project\text_bas.cace1812\x64\debug\main.obj
c:\users\padra\source\repos\c-_adventure\text_based_game_project\text_bas.cace1812\x64\debug\tree 1.obj
c:\users\mike\source\c-_adventure\text_based_game_project\text_bas.cace1812\x64\debug\inventory.obj
c:\users\mike\source\c-_adventure\text_based_game_project\text_bas.cace1812\x64\debug\tree_3.obj
c:\users\mike\source\c-_adventure\text_based_game_project\x64\debug\text_based_game_project.exe
c:\users\mike\source\c-_adventure\text_based_game_project\x64\debug\text_based_game_project.pdb
c:\users\mike\source\c-_adventure\text_based_game_project\text_bas.cace1812\x64\debug\text_based_game_project.ilk
c:\users\mike\source\c-_adventure\text_based_game_project\text_bas.cace1812\x64\debug\holdtext.obj
c:\users\mike\source\c-_adventure\text_based_game_project\text_bas.cace1812\x64\debug\text_bas.cace1812.tlog\cl.command.1.tlog
c:\users\mike\source\c-_adventure\text_based_game_project\text_bas.cace1812\x64\debug\text_bas.cace1812.tlog\cl.items.tlog
c:\users\mike\source\c-_adventure\text_based_game_project\text_bas.cace1812\x64\debug\text_bas.cace1812.tlog\cl.read.1.tlog
c:\users\mike\source\c-_adventure\text_based_game_project\text_bas.cace1812\x64\debug\text_bas.cace1812.tlog\cl.write.1.tlog
c:\users\mike\source\c-_adventure\text_based_game_project\text_bas.cace1812\x64\debug\text_bas.cace1812.tlog\link.command.1.tlog
c:\users\mike\source\c-_adventure\text_based_game_project\text_bas.cace1812\x64\debug\text_bas.cace1812.tlog\link.read.1.tlog
c:\users\mike\source\c-_adventure\text_based_game_project\text_bas.cace1812\x64\debug\text_bas.cace1812.tlog\link.secondary.1.tlog
c:\users\mike\source\c-_adventure\text_based_game_project\text_bas.cace1812\x64\debug\text_bas.cace1812.tlog\link.write.1.tlog
